{"target": 0.07078928001227021, "params": {"alpha": 0.3404526215517336, "beta": 0.7335950329380395, "delta": 0.3959752925925225, "gamma": 0.41038258667960814}, "datetime": {"datetime": "2020-12-31 16:11:52", "elapsed": 0.0, "delta": 0.0}}
{"target": 0.07053045459009763, "params": {"alpha": 0.6367822099020225, "beta": 0.41085592794260584, "delta": 0.27137585225752725, "gamma": 0.18887879249280104}, "datetime": {"datetime": "2020-12-31 16:12:01", "elapsed": 9.000231, "delta": 9.000231}}
{"target": 0.07146265049766455, "params": {"alpha": 0.9626042453420263, "beta": 0.544073725973249, "delta": 0.8894793657536494, "gamma": 0.4071743707338086}, "datetime": {"datetime": "2020-12-31 16:12:10", "elapsed": 18.008708, "delta": 9.008477}}
{"target": 0.07051924303880243, "params": {"alpha": 0.09113423934277065, "beta": 0.1305543057490346, "delta": 0.7668942271074727, "gamma": 0.7241285350964122}, "datetime": {"datetime": "2020-12-31 16:12:19", "elapsed": 26.96121, "delta": 8.952502}}
{"target": 0.07071176518211299, "params": {"alpha": 0.5221780853433236, "beta": 0.5127875828996513, "delta": 0.16881298974819547, "gamma": 0.03465218513612889}, "datetime": {"datetime": "2020-12-31 16:12:28", "elapsed": 35.903877, "delta": 8.942667}}
{"target": 0.06839748460992315, "params": {"alpha": 0.19690917189515644, "beta": 0.6974696321776575, "delta": 0.3174215855713375, "gamma": 0.7280046021716206}, "datetime": {"datetime": "2020-12-31 16:12:37", "elapsed": 44.89048, "delta": 8.986603}}
{"target": 0.07304952574700199, "params": {"alpha": 0.2585558867427824, "beta": 0.2853275014487002, "delta": 0.8100523586017345, "gamma": 0.635820442117823}, "datetime": {"datetime": "2020-12-31 16:12:46", "elapsed": 53.791805, "delta": 8.901325}}
{"target": 0.07312696748586137, "params": {"alpha": 0.6318799939657245, "beta": 0.7207394376000208, "delta": 0.5436590534689714, "gamma": 0.028606798926699706}, "datetime": {"datetime": "2020-12-31 16:12:55", "elapsed": 62.74515, "delta": 8.953345}}
{"target": 0.06414384899400435, "params": {"alpha": 0.9065463017749605, "beta": 0.14414922692394494, "delta": 0.1314113114815093, "gamma": 0.5825583649177731}, "datetime": {"datetime": "2020-12-31 16:13:04", "elapsed": 71.739735, "delta": 8.994585}}
{"target": 0.07306450231040011, "params": {"alpha": 0.5022943923058711, "beta": 0.7141478112031857, "delta": 0.5883781943531377, "gamma": 0.4689965503671183}, "datetime": {"datetime": "2020-12-31 16:13:13", "elapsed": 80.730853, "delta": 8.991118}}
{"target": 0.0633325695069183, "params": {"alpha": 0.02691599532857436, "beta": 0.9291808432746336, "delta": 0.7622235496510135, "gamma": 0.22368478344168752}, "datetime": {"datetime": "2020-12-31 16:13:22", "elapsed": 89.705957, "delta": 8.975104}}
{"target": 0.0726561997357626, "params": {"alpha": 0.14706672925866682, "beta": 0.5501738896643333, "delta": 0.8715655489763318, "gamma": 0.22926160527437434}, "datetime": {"datetime": "2020-12-31 16:13:31", "elapsed": 98.61377, "delta": 8.907813}}
{"target": 0.07284469531970714, "params": {"alpha": 0.5020481443808671, "beta": 0.5753649103096888, "delta": 0.6801284751149383, "gamma": 0.3204057743273504}, "datetime": {"datetime": "2020-12-31 16:13:40", "elapsed": 107.585376, "delta": 8.971606}}
{"target": 0.07032197504622847, "params": {"alpha": 0.9254981148786873, "beta": 0.7810649769383075, "delta": 0.2307078034127703, "gamma": 0.2500756157548035}, "datetime": {"datetime": "2020-12-31 16:13:49", "elapsed": 116.607972, "delta": 9.022596}}
{"target": 0.06669301926472022, "params": {"alpha": 0.762140971765315, "beta": 0.0064251704934739085, "delta": 0.7917681078881621, "gamma": 0.3537814627199988}, "datetime": {"datetime": "2020-12-31 16:13:59", "elapsed": 126.290396, "delta": 9.682424}}
{"target": 0.07219022893736776, "params": {"alpha": 0.4920815328678325, "beta": 0.5495255473256582, "delta": 0.9221049732877092, "gamma": 0.9316008593631239}, "datetime": {"datetime": "2020-12-31 16:14:09", "elapsed": 136.444618, "delta": 10.154222}}
{"target": 0.0707048579147636, "params": {"alpha": 0.10441929947338935, "beta": 0.6601664903972367, "delta": 0.7611716116082003, "gamma": 0.8756760800514575}, "datetime": {"datetime": "2020-12-31 16:14:19", "elapsed": 146.853365, "delta": 10.408747}}
{"target": 0.07122647102830824, "params": {"alpha": 0.6675324363329584, "beta": 0.2977972575760195, "delta": 0.8293185480913854, "gamma": 0.23524893555224335}, "datetime": {"datetime": "2020-12-31 16:14:28", "elapsed": 155.936144, "delta": 9.082779}}
{"target": 0.06920498519867686, "params": {"alpha": 0.7079431869841735, "beta": 0.6264376249568362, "delta": 0.0804172745150461, "gamma": 0.978233629963996}, "datetime": {"datetime": "2020-12-31 16:14:38", "elapsed": 165.109954, "delta": 9.17381}}
{"target": 0.07182327463520945, "params": {"alpha": 0.4465521043593732, "beta": 0.43033292514295074, "delta": 0.4496449625511031, "gamma": 0.6378185110696597}, "datetime": {"datetime": "2020-12-31 16:14:47", "elapsed": 174.201861, "delta": 9.091907}}
{"target": 0.07231024275296427, "params": {"alpha": 0.36970837934398504, "beta": 0.39753836380946994, "delta": 0.7881978863130031, "gamma": 0.8924784785578033}, "datetime": {"datetime": "2020-12-31 16:14:56", "elapsed": 183.282299, "delta": 9.080438}}
{"target": 0.07265185879440751, "params": {"alpha": 0.957427549457162, "beta": 0.9427916001187213, "delta": 0.8473171433491882, "gamma": 0.8670991907036122}, "datetime": {"datetime": "2020-12-31 16:15:05", "elapsed": 192.391669, "delta": 9.10937}}
{"target": 0.07181439882027506, "params": {"alpha": 0.21703507102781705, "beta": 0.6944378736791018, "delta": 0.7773525878115243, "gamma": 0.048317267364013095}, "datetime": {"datetime": "2020-12-31 16:15:14", "elapsed": 201.765112, "delta": 9.373443}}
{"target": 0.07212782078764787, "params": {"alpha": 0.1201626393692391, "beta": 0.40756316111164814, "delta": 0.715735435572231, "gamma": 0.7241829858770761}, "datetime": {"datetime": "2020-12-31 16:15:23", "elapsed": 210.701226, "delta": 8.936114}}
{"target": 0.07404125680777254, "params": {"alpha": 0.243692081946842, "beta": 0.4996737386386586, "delta": 0.9567278289350843, "gamma": 0.008134252693223432}, "datetime": {"datetime": "2020-12-31 16:15:32", "elapsed": 219.715134, "delta": 9.013908}}
{"target": 0.06775143635576349, "params": {"alpha": 0.18004555377986253, "beta": 0.6636297162763595, "delta": 0.2326742605707932, "gamma": 0.806460835210567}, "datetime": {"datetime": "2020-12-31 16:15:41", "elapsed": 228.787648, "delta": 9.072514}}
{"target": 0.07258554297044098, "params": {"alpha": 0.8572220606243707, "beta": 0.9200997955973664, "delta": 0.4994496120725672, "gamma": 0.2722572023415706}, "datetime": {"datetime": "2020-12-31 16:15:50", "elapsed": 237.762837, "delta": 8.975189}}
{"target": 0.07082284777755943, "params": {"alpha": 0.621682774637108, "beta": 0.7164970817448243, "delta": 0.27123988889973727, "gamma": 0.031029522818792343}, "datetime": {"datetime": "2020-12-31 16:15:59", "elapsed": 246.793235, "delta": 9.030398}}
{"target": 0.0674503256060854, "params": {"alpha": 0.04692592838323628, "beta": 0.09905124893436545, "delta": 0.12314260284567535, "gamma": 0.7965181976262232}, "datetime": {"datetime": "2020-12-31 16:16:08", "elapsed": 255.983688, "delta": 9.190453}}
{"target": 0.06947039939901505, "params": {"alpha": 0.014838708303667514, "beta": 0.5808529750878019, "delta": 0.8279341708808843, "gamma": 0.7031086518349619}, "datetime": {"datetime": "2020-12-31 16:16:17", "elapsed": 264.941779, "delta": 8.958091}}
{"target": 0.07349977082413546, "params": {"alpha": 0.9446287252977833, "beta": 0.9245604716082585, "delta": 0.9613018696202794, "gamma": 0.06719199716619972}, "datetime": {"datetime": "2020-12-31 16:16:27", "elapsed": 274.61514, "delta": 9.673361}}
{"target": 0.06916674766501228, "params": {"alpha": 0.030717512951458303, "beta": 0.006097689959570052, "delta": 0.828122861789225, "gamma": 0.005245920571247176}, "datetime": {"datetime": "2020-12-31 16:16:37", "elapsed": 284.266424, "delta": 9.651284}}
{"target": 0.07347851782493342, "params": {"alpha": 0.6222761675881182, "beta": 0.7836705954160054, "delta": 0.9999970322114623, "gamma": 0.3990803181498278}, "datetime": {"datetime": "2020-12-31 16:16:46", "elapsed": 293.814089, "delta": 9.547665}}
{"target": 0.0733686358155228, "params": {"alpha": 0.6811169852587382, "beta": 0.6218412590299672, "delta": 0.9933477622566438, "gamma": 0.017847171169446008}, "datetime": {"datetime": "2020-12-31 16:16:56", "elapsed": 303.482356, "delta": 9.668267}}
{"target": 0.07327451380987422, "params": {"alpha": 0.819947638825307, "beta": 0.9658179625722828, "delta": 0.9826051992704584, "gamma": 0.005896310787021353}, "datetime": {"datetime": "2020-12-31 16:17:06", "elapsed": 313.186675, "delta": 9.704319}}
{"target": 0.07271900726125156, "params": {"alpha": 0.9158290461219555, "beta": 0.9833304936012591, "delta": 0.9979885185887662, "gamma": 0.9958860891276416}, "datetime": {"datetime": "2020-12-31 16:17:15", "elapsed": 322.905083, "delta": 9.718408}}
{"target": 0.07357918689418048, "params": {"alpha": 0.5838837595666624, "beta": 0.6127293599196175, "delta": 0.9935140438433996, "gamma": 0.16867531280006232}, "datetime": {"datetime": "2020-12-31 16:17:25", "elapsed": 332.559901, "delta": 9.654818}}
{"target": 0.07284346282607877, "params": {"alpha": 0.818121408544609, "beta": 0.692626421271684, "delta": 0.9755372403373944, "gamma": 0.0027387585088712862}, "datetime": {"datetime": "2020-12-31 16:17:35", "elapsed": 342.181622, "delta": 9.621721}}
{"target": 0.07321633255002705, "params": {"alpha": 0.9972888887026589, "beta": 0.9850484226096811, "delta": 0.9960144429262936, "gamma": 0.5041145306410879}, "datetime": {"datetime": "2020-12-31 16:17:44", "elapsed": 351.805052, "delta": 9.62343}}
{"target": 0.07356748354127018, "params": {"alpha": 0.5911988980332633, "beta": 0.6108517694324139, "delta": 0.9969837483660748, "gamma": 0.4983863044548844}, "datetime": {"datetime": "2020-12-31 16:17:54", "elapsed": 361.55097, "delta": 9.745918}}
{"target": 0.07325883036198204, "params": {"alpha": 0.6431613108110444, "beta": 0.7073455230529087, "delta": 0.981801522161439, "gamma": 0.42445419545662033}, "datetime": {"datetime": "2020-12-31 16:18:04", "elapsed": 371.238751, "delta": 9.687781}}
{"target": 0.07321953577056824, "params": {"alpha": 0.6297630301103536, "beta": 0.6116258854414255, "delta": 0.9910685483734452, "gamma": 0.009290963479981262}, "datetime": {"datetime": "2020-12-31 16:18:13", "elapsed": 380.840657, "delta": 9.601906}}
{"target": 0.07256413462429107, "params": {"alpha": 0.9913567040397065, "beta": 0.9562808142391125, "delta": 0.7427814378062222, "gamma": 0.00601135484094828}, "datetime": {"datetime": "2020-12-31 16:18:23", "elapsed": 390.662434, "delta": 9.821777}}
{"target": 0.07268360964302657, "params": {"alpha": 0.7417453243671587, "beta": 0.7313820984702853, "delta": 0.9999765289500007, "gamma": 0.9942435327829104}, "datetime": {"datetime": "2020-12-31 16:18:33", "elapsed": 400.349418, "delta": 9.686984}}
{"target": 0.07340543935156793, "params": {"alpha": 0.6147076060387829, "beta": 0.6850266467115584, "delta": 0.9725030400723962, "gamma": 0.4190896612445043}, "datetime": {"datetime": "2020-12-31 16:18:43", "elapsed": 410.946847, "delta": 10.597429}}
{"target": 0.07402977384636002, "params": {"alpha": 0.49256661537279156, "beta": 0.5331087331936618, "delta": 0.9930403586764474, "gamma": 0.013133131874178972}, "datetime": {"datetime": "2020-12-31 16:18:53", "elapsed": 420.740645, "delta": 9.793798}}
{"target": 0.07328380900568837, "params": {"alpha": 0.6091108633956489, "beta": 0.5912643259695152, "delta": 0.9972711214352896, "gamma": 0.020242601627477597}, "datetime": {"datetime": "2020-12-31 16:19:03", "elapsed": 430.457236, "delta": 9.716591}}
{"target": 0.07360424706709433, "params": {"alpha": 0.9456760558539101, "beta": 0.9957122102275424, "delta": 0.9674905034199178, "gamma": 0.01603753414822162}, "datetime": {"datetime": "2020-12-31 16:19:12", "elapsed": 440.006989, "delta": 9.549753}}
{"target": 0.0734582401028124, "params": {"alpha": 0.9979176479107742, "beta": 0.9796378431675359, "delta": 0.9804942790861243, "gamma": 0.17428766186222255}, "datetime": {"datetime": "2020-12-31 16:19:22", "elapsed": 449.703057, "delta": 9.696068}}
{"target": 0.07333926280899282, "params": {"alpha": 0.6574754269496522, "beta": 0.8303769717376678, "delta": 0.9938342180615007, "gamma": 0.43937836616423276}, "datetime": {"datetime": "2020-12-31 16:19:33", "elapsed": 460.417269, "delta": 10.714212}}
{"target": 0.07317475349233353, "params": {"alpha": 0.6374707418483818, "beta": 0.6687360550836076, "delta": 0.8190309391509397, "gamma": 0.01842973097773326}, "datetime": {"datetime": "2020-12-31 16:19:43", "elapsed": 470.053564, "delta": 9.636295}}
{"target": 0.07364831067011349, "params": {"alpha": 0.48129497125495657, "beta": 0.5337360427748065, "delta": 0.9976265657848875, "gamma": 0.41010995597245825}, "datetime": {"datetime": "2020-12-31 16:19:53", "elapsed": 480.044655, "delta": 9.991091}}
{"target": 0.07324076602652993, "params": {"alpha": 0.7302271898895905, "beta": 0.8862024813814723, "delta": 0.999254238263356, "gamma": 0.3846342772223953}, "datetime": {"datetime": "2020-12-31 16:20:02", "elapsed": 489.670662, "delta": 9.626007}}
{"target": 0.07340079880853573, "params": {"alpha": 0.6734578141711595, "beta": 0.8126171915206288, "delta": 0.9866758499370297, "gamma": 0.002685095535899573}, "datetime": {"datetime": "2020-12-31 16:20:12", "elapsed": 499.277505, "delta": 9.606843}}
{"target": 0.07351839396155913, "params": {"alpha": 0.5653123910405403, "beta": 0.6220888733178386, "delta": 0.9953792742463834, "gamma": 0.3336516839519843}, "datetime": {"datetime": "2020-12-31 16:20:21", "elapsed": 508.839958, "delta": 9.562453}}
{"target": 0.07362677628617885, "params": {"alpha": 0.9636103942523518, "beta": 0.9846097563951429, "delta": 0.9760670594998687, "gamma": 0.012381724275232098}, "datetime": {"datetime": "2020-12-31 16:20:31", "elapsed": 518.250125, "delta": 9.410167}}
{"target": 0.07339927280417204, "params": {"alpha": 0.5655903194664327, "beta": 0.5606294537415222, "delta": 0.9317823970580357, "gamma": 0.017591647484288986}, "datetime": {"datetime": "2020-12-31 16:20:40", "elapsed": 527.548192, "delta": 9.298067}}
{"target": 0.07351820089547784, "params": {"alpha": 0.49305685053791026, "beta": 0.572215083014904, "delta": 0.9935705004508599, "gamma": 0.4827731857215398}, "datetime": {"datetime": "2020-12-31 16:20:49", "elapsed": 536.971009, "delta": 9.422817}}
{"target": 0.0740295954488306, "params": {"alpha": 0.5159390297980512, "beta": 0.5671168783208689, "delta": 0.9943385204701589, "gamma": 0.02106634201893387}, "datetime": {"datetime": "2020-12-31 16:20:59", "elapsed": 546.616091, "delta": 9.645082}}
{"target": 0.07312464630629213, "params": {"alpha": 0.6767524949814905, "beta": 0.7325235369901677, "delta": 0.7950085660835096, "gamma": 0.3666912194623332}, "datetime": {"datetime": "2020-12-31 16:21:09", "elapsed": 556.093108, "delta": 9.477017}}
{"target": 0.06888889436514792, "params": {"alpha": 0.06607427142167577, "beta": 0.08123937619603072, "delta": 0.999161353080455, "gamma": 0.9501532711800588}, "datetime": {"datetime": "2020-12-31 16:21:18", "elapsed": 565.628571, "delta": 9.535463}}
{"target": 0.07300636455328653, "params": {"alpha": 0.8484549115572454, "beta": 0.7593715706600843, "delta": 0.9987392026724807, "gamma": 0.01602802520079849}, "datetime": {"datetime": "2020-12-31 16:21:28", "elapsed": 575.169012, "delta": 9.540441}}
{"target": 0.07256684674171957, "params": {"alpha": 0.9801796037937611, "beta": 0.9962247344767022, "delta": 0.9573007744620062, "gamma": 0.984053422822791}, "datetime": {"datetime": "2020-12-31 16:21:37", "elapsed": 584.65575, "delta": 9.486738}}
{"target": 0.07318332313966777, "params": {"alpha": 0.5881120649891053, "beta": 0.5938087145203761, "delta": 0.7769778169255972, "gamma": 0.021764331797090808}, "datetime": {"datetime": "2020-12-31 16:21:47", "elapsed": 594.842617, "delta": 10.186867}}
{"target": 0.07315359439980279, "params": {"alpha": 0.6861627876379139, "beta": 0.7547204697093731, "delta": 0.9939398623303463, "gamma": 0.3530051463460113}, "datetime": {"datetime": "2020-12-31 16:21:57", "elapsed": 604.312202, "delta": 9.469585}}
{"target": 0.0732499845547135, "params": {"alpha": 0.992974388068806, "beta": 0.9819122559275366, "delta": 0.9986281307987847, "gamma": 0.47907630924326416}, "datetime": {"datetime": "2020-12-31 16:22:06", "elapsed": 613.925605, "delta": 9.613403}}
{"target": 0.07330469761012466, "params": {"alpha": 0.6184820328370061, "beta": 0.5854712172205687, "delta": 0.9914212019437185, "gamma": 0.028942866804309908}, "datetime": {"datetime": "2020-12-31 16:22:16", "elapsed": 623.453939, "delta": 9.528334}}
{"target": 0.07355661730165346, "params": {"alpha": 0.8734896312281099, "beta": 0.9715986532436572, "delta": 0.9807845513543284, "gamma": 0.007491208741688626}, "datetime": {"datetime": "2020-12-31 16:22:25", "elapsed": 632.989246, "delta": 9.535307}}
{"target": 0.07354300994278581, "params": {"alpha": 0.5418426970030671, "beta": 0.5697842142252086, "delta": 0.7928808392572725, "gamma": 0.009988566667186172}, "datetime": {"datetime": "2020-12-31 16:22:35", "elapsed": 642.434518, "delta": 9.445272}}
{"target": 0.07326171783146916, "params": {"alpha": 0.6875838527824151, "beta": 0.9879453926494388, "delta": 0.9743558932191437, "gamma": 0.9656928149573614}, "datetime": {"datetime": "2020-12-31 16:22:44", "elapsed": 651.963463, "delta": 9.528945}}
{"target": 0.07324923408366568, "params": {"alpha": 0.7382429279301884, "beta": 0.9709941621646496, "delta": 0.9768965843604812, "gamma": 0.6191683753481574}, "datetime": {"datetime": "2020-12-31 16:22:54", "elapsed": 661.531139, "delta": 9.567676}}
{"target": 0.07339916252460287, "params": {"alpha": 0.59204823757908, "beta": 0.6795450222506243, "delta": 0.9973262576960971, "gamma": 0.3109731245809203}, "datetime": {"datetime": "2020-12-31 16:23:04", "elapsed": 671.026406, "delta": 9.495267}}
{"target": 0.07369939995061972, "params": {"alpha": 0.6016593203903365, "beta": 0.669433506901845, "delta": 0.9854407515270958, "gamma": 0.009234709017929665}, "datetime": {"datetime": "2020-12-31 16:23:13", "elapsed": 680.565761, "delta": 9.539355}}
{"target": 0.07289672855644368, "params": {"alpha": 0.6429327034648722, "beta": 0.7101495318851808, "delta": 0.8371933249568443, "gamma": 0.398272452547345}, "datetime": {"datetime": "2020-12-31 16:23:22", "elapsed": 689.94334, "delta": 9.377579}}
{"target": 0.07319300561318819, "params": {"alpha": 0.6674628286317156, "beta": 0.6968907650370544, "delta": 0.7990959728191909, "gamma": 0.0031512137833097364}, "datetime": {"datetime": "2020-12-31 16:23:32", "elapsed": 699.57824, "delta": 9.6349}}
{"target": 0.07317350104947462, "params": {"alpha": 0.7736421375988937, "beta": 0.9830774846003365, "delta": 0.990634258384584, "gamma": 0.0688749999919459}, "datetime": {"datetime": "2020-12-31 16:23:41", "elapsed": 709.015517, "delta": 9.437277}}
{"target": 0.07323238329845509, "params": {"alpha": 0.7517521775338475, "beta": 0.9984558942026565, "delta": 0.9743318331939895, "gamma": 0.9971424700827537}, "datetime": {"datetime": "2020-12-31 16:23:51", "elapsed": 718.492404, "delta": 9.476887}}
{"target": 0.07267467224811486, "params": {"alpha": 0.9014569368564669, "beta": 0.9988576641387722, "delta": 0.735266637019064, "gamma": 0.9719737720714666}, "datetime": {"datetime": "2020-12-31 16:24:01", "elapsed": 728.067104, "delta": 9.5747}}
{"target": 0.0742490337140428, "params": {"alpha": 0.4660336804163352, "beta": 0.5371608156214607, "delta": 0.9961332398611684, "gamma": 0.008354713774697431}, "datetime": {"datetime": "2020-12-31 16:24:10", "elapsed": 737.624229, "delta": 9.557125}}
{"target": 0.07399488716871752, "params": {"alpha": 0.47664841132211866, "beta": 0.5489587725529045, "delta": 0.9580067877656989, "gamma": 0.003036515319731037}, "datetime": {"datetime": "2020-12-31 16:24:19", "elapsed": 746.943463, "delta": 9.319234}}
{"target": 0.07323961953252502, "params": {"alpha": 0.704079211491264, "beta": 0.8154605235846331, "delta": 0.9869483816734355, "gamma": 0.011737536535685322}, "datetime": {"datetime": "2020-12-31 16:24:29", "elapsed": 756.362778, "delta": 9.419315}}
{"target": 0.07386841642428062, "params": {"alpha": 0.5084651219825488, "beta": 0.46267042578806983, "delta": 0.9994665837103232, "gamma": 0.0061464761987185534}, "datetime": {"datetime": "2020-12-31 16:24:38", "elapsed": 765.92531, "delta": 9.562532}}
{"target": 0.07457324871797408, "params": {"alpha": 0.4147777675236657, "beta": 0.5153468807989584, "delta": 0.9957174524029337, "gamma": 0.2039651979928776}, "datetime": {"datetime": "2020-12-31 16:24:48", "elapsed": 775.424426, "delta": 9.499116}}
{"target": 0.07342756061727321, "params": {"alpha": 0.5698256478219244, "beta": 0.5777559441191299, "delta": 0.9751003554772674, "gamma": 0.004406050935390371}, "datetime": {"datetime": "2020-12-31 16:24:57", "elapsed": 784.857882, "delta": 9.433456}}
{"target": 0.07443770822637852, "params": {"alpha": 0.3899693171865749, "beta": 0.44780916776761115, "delta": 0.9643367377553739, "gamma": 0.3435079502478531}, "datetime": {"datetime": "2020-12-31 16:25:07", "elapsed": 794.429353, "delta": 9.571471}}
{"target": 0.07389087403289255, "params": {"alpha": 0.4793168684493395, "beta": 0.5385798015780159, "delta": 0.997489893003809, "gamma": 0.37812472494139115}, "datetime": {"datetime": "2020-12-31 16:25:17", "elapsed": 804.12617, "delta": 9.696817}}
{"target": 0.07348395161530424, "params": {"alpha": 0.5020822318031154, "beta": 0.5166963636078914, "delta": 0.9957983970367834, "gamma": 0.28346597600568824}, "datetime": {"datetime": "2020-12-31 16:25:26", "elapsed": 813.710472, "delta": 9.584302}}
