{"target": 0.07422329163508312, "params": {"alpha": 0.46062016151624796, "beta": 0.42597693037291906, "delta": 0.9982191902982313, "gamma": 0.1948327229030985}, "datetime": {"datetime": "2020-12-31 16:25:36", "elapsed": 823.241808, "delta": 9.531336}}
{"target": 0.07350134471782825, "params": {"alpha": 0.5608705260701699, "beta": 0.5780826047650977, "delta": 0.9972360192638395, "gamma": 0.010432758214944937}, "datetime": {"datetime": "2020-12-31 16:25:45", "elapsed": 832.777457, "delta": 9.535649}}
{"target": 0.07449091053271965, "params": {"alpha": 0.3993702803852275, "beta": 0.5318923403795455, "delta": 0.9995467069741234, "gamma": 0.31784600427311593}, "datetime": {"datetime": "2020-12-31 16:25:55", "elapsed": 842.19294, "delta": 9.415483}}
{"target": 0.07365120023510814, "params": {"alpha": 0.5023842382902359, "beta": 0.5850864345589425, "delta": 0.9954190841409766, "gamma": 0.3330269727846997}, "datetime": {"datetime": "2020-12-31 16:26:04", "elapsed": 851.75978, "delta": 9.56684}}
{"target": 0.0740771928875773, "params": {"alpha": 0.36302255163192065, "beta": 0.48820585102942227, "delta": 0.9936743017056325, "gamma": 0.10948819837096524}, "datetime": {"datetime": "2020-12-31 16:26:14", "elapsed": 861.432572, "delta": 9.672792}}
{"target": 0.07430996780004209, "params": {"alpha": 0.44042574307549953, "beta": 0.5120334257059098, "delta": 0.9967513737922739, "gamma": 0.029633397310336984}, "datetime": {"datetime": "2020-12-31 16:26:23", "elapsed": 870.928772, "delta": 9.4962}}
{"target": 0.07453879360309422, "params": {"alpha": 0.37054718716127744, "beta": 0.44002186347340755, "delta": 0.986953280039077, "gamma": 0.20399843204717993}, "datetime": {"datetime": "2020-12-31 16:26:33", "elapsed": 880.451834, "delta": 9.523062}}
{"target": 0.07420694773914077, "params": {"alpha": 0.37711053033351793, "beta": 0.3749968507534652, "delta": 0.999401510785594, "gamma": 0.11727597530625211}, "datetime": {"datetime": "2020-12-31 16:26:42", "elapsed": 889.970554, "delta": 9.51872}}
{"target": 0.07430940639964144, "params": {"alpha": 0.3920873427442928, "beta": 0.4393672269598682, "delta": 0.9856488926215843, "gamma": 0.27028132012395856}, "datetime": {"datetime": "2020-12-31 16:26:52", "elapsed": 899.429951, "delta": 9.459397}}
{"target": 0.07421878025912668, "params": {"alpha": 0.36694023836478484, "beta": 0.452879207741519, "delta": 0.9677467795682542, "gamma": 0.28051104201178023}, "datetime": {"datetime": "2020-12-31 16:27:02", "elapsed": 909.068578, "delta": 9.638627}}
{"target": 0.07440764244510452, "params": {"alpha": 0.41569354188070806, "beta": 0.4788470538857068, "delta": 0.9998330471518078, "gamma": 0.33381246887208715}, "datetime": {"datetime": "2020-12-31 16:27:11", "elapsed": 918.643948, "delta": 9.57537}}
{"target": 0.07441737345057615, "params": {"alpha": 0.3521931011103714, "beta": 0.37409804625158327, "delta": 0.9945715329444265, "gamma": 0.31353507367240474}, "datetime": {"datetime": "2020-12-31 16:27:21", "elapsed": 928.139066, "delta": 9.495118}}
{"target": 0.07331953841258398, "params": {"alpha": 0.9329735067481294, "beta": 0.9585156160546625, "delta": 0.9892683831222205, "gamma": 0.05056811488859869}, "datetime": {"datetime": "2020-12-31 16:27:30", "elapsed": 937.595033, "delta": 9.455967}}
